<?xml version="1.0" encoding="UTF-8"?>
<!-- Generated by org.testng.reporters.JUnitXMLReporter -->
<testsuite ignored="0" hostname="DESKTOP-74NAGSF" failures="4" tests="4" name="Test" time="90.901" errors="0" timestamp="2023-03-10T18:05:59 IST">
  <testcase classname="com.iris22a.MenTShirtsTests" name="verifyIfSearchByPopularityYieldsProperResults" time="41.818">
    <failure type="org.openqa.selenium.TimeoutException" message="Expected condition failed: wait is finished &amp;amp; element is not loaded or available (tried for 30 second(s) with 500 milliseconds interval)">
      <![CDATA[org.openqa.selenium.TimeoutException: Expected condition failed: wait is finished & element is not loaded or available (tried for 30 second(s) with 500 milliseconds interval)
at org.openqa.selenium.support.ui.FluentWait.timeoutException(FluentWait.java:263)
at org.openqa.selenium.support.ui.FluentWait.until(FluentWait.java:231)
at com.iris22a.util.WaitFor.elementToBeClickable(WaitFor.java:39)
at com.iris22a.MenTShirtsTests.verifyIfSearchByPopularityYieldsProperResults(MenTShirtsTests.java:31)
at java.base/java.util.ArrayList.forEach(ArrayList.java:1511)
Caused by: org.openqa.selenium.InvalidSelectorException: invalid selector: Unable to locate an element with the xpath expression //div[@class=\"sort-sortBy"] because of the following error:
SyntaxError: Failed to execute 'evaluate' on 'Document': The string '//div[@class=\"sort-sortBy"]' is not a valid XPath expression.
  (Session info: chrome=110.0.5481.180)
For documentation on this error, please visit: https://selenium.dev/exceptions/#invalid_selector_exception
Build info: version: '4.7.2', revision: '4d4020c3b7'
System info: os.name: 'Windows 10', os.arch: 'amd64', os.version: '10.0', java.version: '18.0.1'
Driver info: org.openqa.selenium.chrome.ChromeDriver
Command: [071017c5a9c9c488c33b894bc4ea502a, findElement {using=xpath, value=//div[@class=\"sort-sortBy"]}]
Capabilities {acceptInsecureCerts: false, browserName: chrome, browserVersion: 110.0.5481.180, chrome: {chromedriverVersion: 110.0.5481.77 (65ed616c6e8e..., userDataDir: C:\Users\91758\AppData\Loca...}, goog:chromeOptions: {debuggerAddress: localhost:64999}, networkConnectionEnabled: false, pageLoadStrategy: normal, platformName: WINDOWS, proxy: Proxy(), se:cdp: ws://localhost:64999/devtoo..., se:cdpVersion: 110.0.5481.180, setWindowRect: true, strictFileInteractability: false, timeouts: {implicit: 0, pageLoad: 300000, script: 30000}, unhandledPromptBehavior: dismiss and notify, webauthn:extension:credBlob: true, webauthn:extension:largeBlob: true, webauthn:virtualAuthenticators: true}
Session ID: 071017c5a9c9c488c33b894bc4ea502a
at org.openqa.selenium.remote.codec.w3c.W3CHttpResponseCodec.createException(W3CHttpResponseCodec.java:200)
at org.openqa.selenium.remote.codec.w3c.W3CHttpResponseCodec.decode(W3CHttpResponseCodec.java:133)
at org.openqa.selenium.remote.codec.w3c.W3CHttpResponseCodec.decode(W3CHttpResponseCodec.java:53)
at org.openqa.selenium.remote.HttpCommandExecutor.execute(HttpCommandExecutor.java:184)
at org.openqa.selenium.remote.service.DriverCommandExecutor.invokeExecute(DriverCommandExecutor.java:167)
at org.openqa.selenium.remote.service.DriverCommandExecutor.execute(DriverCommandExecutor.java:142)
at org.openqa.selenium.remote.RemoteWebDriver.execute(RemoteWebDriver.java:535)
at org.openqa.selenium.remote.ElementLocation$ElementFinder$2.findElement(ElementLocation.java:162)
at org.openqa.selenium.remote.ElementLocation.findElement(ElementLocation.java:60)
at org.openqa.selenium.remote.RemoteWebDriver.findElement(RemoteWebDriver.java:351)
at org.openqa.selenium.remote.RemoteWebDriver.findElement(RemoteWebDriver.java:343)
at org.openqa.selenium.support.pagefactory.DefaultElementLocator.findElement(DefaultElementLocator.java:70)
at org.openqa.selenium.support.pagefactory.internal.LocatingElementHandler.invoke(LocatingElementHandler.java:39)
at jdk.proxy2/jdk.proxy2.$Proxy22.isDisplayed(Unknown Source)
at org.openqa.selenium.support.ui.ExpectedConditions.elementIfVisible(ExpectedConditions.java:307)
at org.openqa.selenium.support.ui.ExpectedConditions.access$000(ExpectedConditions.java:40)
at org.openqa.selenium.support.ui.ExpectedConditions$10.apply(ExpectedConditions.java:293)
at org.openqa.selenium.support.ui.ExpectedConditions$10.apply(ExpectedConditions.java:290)
at org.openqa.selenium.support.ui.ExpectedConditions$23.apply(ExpectedConditions.java:660)
at org.openqa.selenium.support.ui.ExpectedConditions$23.apply(ExpectedConditions.java:656)
at org.openqa.selenium.support.ui.FluentWait.until(FluentWait.java:208)
... 32 more
... Removed 32 stack frames]]>
    </failure>
  </testcase> <!-- verifyIfSearchByPopularityYieldsProperResults -->
  <testcase classname="com.iris22a.ProductTests" name="verifyCategoryListForTopWears" time="12.532">
    <failure type="java.util.regex.PatternSyntaxException" message="Unclosed group near index 1
(">
      <![CDATA[java.util.regex.PatternSyntaxException: Unclosed group near index 1
(
at java.base/java.util.regex.Pattern.error(Pattern.java:2038)
at java.base/java.util.regex.Pattern.accept(Pattern.java:1888)
at java.base/java.util.regex.Pattern.group0(Pattern.java:3063)
at java.base/java.util.regex.Pattern.sequence(Pattern.java:2134)
at java.base/java.util.regex.Pattern.expr(Pattern.java:2079)
at java.base/java.util.regex.Pattern.compile(Pattern.java:1793)
at java.base/java.util.regex.Pattern.<init>(Pattern.java:1440)
at java.base/java.util.regex.Pattern.compile(Pattern.java:1079)
at java.base/java.lang.String.split(String.java:3149)
at java.base/java.lang.String.split(String.java:3195)
at com.iris22a.ProductTests.verifyCategoryListForTopWears(ProductTests.java:56)
at java.base/java.util.ArrayList.forEach(ArrayList.java:1511)
... Removed 29 stack frames]]>
    </failure>
  </testcase> <!-- verifyCategoryListForTopWears -->
  <testcase classname="com.iris22a.ProductTests" name="verifyItemCountOfCasualShirts" time="12.158">
    <failure type="java.lang.IllegalStateException" message="No match found">
      <![CDATA[java.lang.IllegalStateException: No match found
at java.base/java.util.regex.Matcher.group(Matcher.java:644)
at java.base/java.util.regex.Matcher.group(Matcher.java:603)
at com.iris22a.pages.CasualShirtsPage.getItemCount(CasualShirtsPage.java:20)
at com.iris22a.ProductTests.verifyItemCountOfCasualShirts(ProductTests.java:68)
at java.base/java.util.ArrayList.forEach(ArrayList.java:1511)
... Removed 29 stack frames]]>
    </failure>
  </testcase> <!-- verifyItemCountOfCasualShirts -->
  <testcase classname="com.iris22a.ProductTests" name="verifySearchResultForPoloMen" time="12.931">
    <failure type="java.lang.AssertionError" message="Product title does&amp;apos;nt contains poloLouis Philippe expected [true] but found [false]">
      <![CDATA[java.lang.AssertionError: Product title does'nt contains poloLouis Philippe expected [true] but found [false]
at com.iris22a.ProductTests.verifySearchResultForPoloMen(ProductTests.java:33)
at java.base/java.util.ArrayList.forEach(ArrayList.java:1511)
... Removed 32 stack frames]]>
    </failure>
  </testcase> <!-- verifySearchResultForPoloMen -->
</testsuite> <!-- Test -->
